<?xml version="1.0" encoding="UTF-8"?>
<testng-results ignored="0" total="1" passed="1" failed="0" skipped="0">
  <reporter-output>
  </reporter-output>
  <suite started-at="2021-07-04T16:41:46 BDT" name="Default suite" finished-at="2021-07-04T16:42:39 BDT" duration-ms="52734">
    <groups>
    </groups>
    <test started-at="2021-07-04T16:41:46 BDT" name="Default test" finished-at="2021-07-04T16:42:39 BDT" duration-ms="52734">
      <class name="com.BLNet.testCases.HomeToOfferToPrePaidTest">
        <test-method signature="TillFeedbackRecieved()[pri:0, instance:com.BLNet.testCases.HomeToOfferToPrePaidTest@2abf4075]" started-at="2021-07-04T16:41:46 BDT" name="TillFeedbackRecieved" finished-at="2021-07-04T16:42:39 BDT" duration-ms="52644" status="PASS">
          <reporter-output>
          </reporter-output>
        </test-method> <!-- TillFeedbackRecieved -->
      </class> <!-- com.BLNet.testCases.HomeToOfferToPrePaidTest -->
    </test> <!-- Default test -->
  </suite> <!-- Default suite -->
</testng-results>
