<?xml version="1.0" encoding="UTF-8"?>
<testng-results ignored="2" total="3" passed="1" failed="0" skipped="0">
  <reporter-output>
  </reporter-output>
  <suite started-at="2021-07-11T17:27:56 BDT" name="Default suite" finished-at="2021-07-11T17:28:14 BDT" duration-ms="18241">
    <groups>
    </groups>
    <test started-at="2021-07-11T17:27:56 BDT" name="Default test" finished-at="2021-07-11T17:28:14 BDT" duration-ms="18241">
      <class name="testCases.ShortKeysUrlTestCase">
        <test-method signature="VibeTest()[pri:0, instance:testCases.ShortKeysUrlTestCase@770d3326]" started-at="2021-07-11T17:27:56 BDT" name="VibeTest" finished-at="2021-07-11T17:28:14 BDT" duration-ms="18186" status="PASS">
          <reporter-output>
          </reporter-output>
        </test-method> <!-- VibeTest -->
      </class> <!-- testCases.ShortKeysUrlTestCase -->
    </test> <!-- Default test -->
  </suite> <!-- Default suite -->
</testng-results>
