<?xml version="1.0" encoding="UTF-8"?>
<!-- Generated by org.testng.reporters.JUnitXMLReporter -->
<testsuite ignored="2" hostname="DESKTOP-6S4NKVH" failures="0" tests="1" name="Default test" time="18.241" errors="0" timestamp="2021-07-11T17:28:14 BDT">
  <testcase classname="testCases.ShortKeysUrlTestCase" name="VibeTest" time="18.186"/>
  <testcase classname="testCases.ShortKeysUrlTestCase" name="AmarOfferTest" time="0.0">
    <ignored/>
  </testcase> <!-- AmarOfferTest -->
  <testcase classname="testCases.ShortKeysUrlTestCase" name="bondhoSimOfferTest" time="0.0">
    <ignored/>
  </testcase> <!-- bondhoSimOfferTest -->
</testsuite> <!-- Default test -->
