<?xml version="1.0" encoding="UTF-8"?>
<!-- Generated by org.testng.reporters.JUnitXMLReporter -->
<testsuite ignored="1" hostname="DESKTOP-6S4NKVH" failures="0" tests="1" name="Default test" time="29.831" errors="0" timestamp="2021-07-06T18:29:42 BDT">
  <testcase classname="testCases.ShortKeysUrlTestCase" name="AmarOfferTest" time="29.775"/>
  <testcase classname="testCases.ShortKeysUrlTestCase" name="bondhoSimOfferTest" time="0.0">
    <ignored/>
  </testcase> <!-- bondhoSimOfferTest -->
</testsuite> <!-- Default test -->
